  % Total    % Received % Xferd  Average Speed   Time    Time     Time  Current
                                 Dload  Upload   Total   Spent    Left  Speed
  0     0    0     0    0     0      0      0 --:--:-- --:--:-- --:--:--     0*   Trying 52.15.55.43:80...
* Connected to ec2-52-15-55-43.us-east-2.compute.amazonaws.com (52.15.55.43) port 80 (#0)
> GET / HTTP/1.1
> Host: ec2-52-15-55-43.us-east-2.compute.amazonaws.com
> User-Agent: curl/8.1.2
> Accept: */*
> Cookie: login=eyJsb2duYW1lIjoiYXdkZW9yaW8ifQ.ZSYCKQ.s5roOA5nhWr-pyS9NBA4iyvtfEI
> 
< HTTP/1.1 200 OK
< Server: nginx/1.18.0 (Ubuntu)
< Date: Wed, 11 Oct 2023 02:02:37 GMT
< Content-Type: text/html; charset=utf-8
< Content-Length: 611
< Connection: keep-alive
< Vary: Cookie
< 
{ [611 bytes data]
100   611  100   611    0     0   6215      0 --:--:-- --:--:-- --:--:--  6500
* Connection #0 to host ec2-52-15-55-43.us-east-2.compute.amazonaws.com left intact
