  % Total    % Received % Xferd  Average Speed   Time    Time     Time  Current
                                 Dload  Upload   Total   Spent    Left  Speed
  0     0    0     0    0     0      0      0 --:--:-- --:--:-- --:--:--     0*   Trying 52.15.55.43:80...
* Connected to ec2-52-15-55-43.us-east-2.compute.amazonaws.com (52.15.55.43) port 80 (#0)
> GET /static/js/bundle.js HTTP/1.1
> Host: ec2-52-15-55-43.us-east-2.compute.amazonaws.com
> User-Agent: curl/8.1.2
> Accept: */*
> Cookie: login=eyJsb2duYW1lIjoiYXdkZW9yaW8ifQ.ZSYCKQ.s5roOA5nhWr-pyS9NBA4iyvtfEI
> 
< HTTP/1.1 200 OK
< Server: nginx/1.18.0 (Ubuntu)
< Date: Wed, 11 Oct 2023 02:03:11 GMT
< Content-Type: text/javascript; charset=utf-8
< Content-Length: 699469
< Connection: keep-alive
< Content-Disposition: inline; filename=bundle.js
< Last-Modified: Fri, 06 Oct 2023 00:34:31 GMT
< Cache-Control: no-cache
< ETag: "1696552471.2448382-699469-3954186017"
< 
{ [1101 bytes data]
 14  683k   14  101k    0     0   524k      0  0:00:01 --:--:--  0:00:01  534k100  683k  100  683k    0     0  2492k      0 --:--:-- --:--:-- --:--:-- 2520k
* Connection #0 to host ec2-52-15-55-43.us-east-2.compute.amazonaws.com left intact
